<?xml version="1.0" encoding="UTF-8"?>
<!-- Generated by org.testng.reporters.JUnitReportReporter -->
<testsuite skipped="1" hostname="LAPTOP-9738CE5M" name="com.qa.tests.WomensPageTest" tests="4" failures="0" timestamp="03 Nov 2020 13:43:02 GMT" time="5.949" errors="0">
  <testcase name="Pricedresses" time="0.513" classname="com.qa.tests.WomensPageTest"/>
  <testcase name="Numberdresses" time="5.263" classname="com.qa.tests.WomensPageTest"/>
  <testcase name="Discountdresses" time="0.173" classname="com.qa.tests.WomensPageTest"/>
  <testcase name="Listdresses" classname="com.qa.tests.WomensPageTest">
    <skipped/>
  </testcase> <!-- Listdresses -->
</testsuite> <!-- com.qa.tests.WomensPageTest -->
