<?xml version="1.0" encoding="UTF-8"?>
<!-- Generated by org.testng.reporters.JUnitReportReporter -->
<testsuite skipped="0" hostname="LAPTOP-9738CE5M" name="com.qa.tests.TShirtsPageTest" tests="3" failures="0" timestamp="30 Sep 2020 09:31:22 GMT" time="2.683" errors="0">
  <testcase name="Listdresses" time="0.128" classname="com.qa.tests.TShirtsPageTest"/>
  <testcase name="Numberdresses" time="2.477" classname="com.qa.tests.TShirtsPageTest"/>
  <testcase name="Pricedresses" time="0.078" classname="com.qa.tests.TShirtsPageTest"/>
</testsuite> <!-- com.qa.tests.TShirtsPageTest -->
