<?xml version="1.0" encoding="UTF-8"?>
<!-- Generated by org.testng.reporters.JUnitReportReporter -->
<testsuite skipped="1" hostname="LAPTOP-9738CE5M" name="com.qa.tests.WomensPageTest" tests="4" failures="0" timestamp="01 Nov 2020 02:14:02 GMT" time="4.752" errors="0">
  <testcase name="Listdresses" time="0.328" classname="com.qa.tests.WomensPageTest"/>
  <testcase name="Discountdresses" time="0.131" classname="com.qa.tests.WomensPageTest"/>
  <testcase name="Numberdresses" time="4.293" classname="com.qa.tests.WomensPageTest"/>
  <testcase name="Pricedresses" classname="com.qa.tests.WomensPageTest">
    <skipped/>
  </testcase> <!-- Pricedresses -->
</testsuite> <!-- com.qa.tests.WomensPageTest -->
