<?xml version="1.0" encoding="UTF-8"?>
<!-- Generated by org.testng.reporters.JUnitReportReporter -->
<testsuite skipped="1" hostname="LAPTOP-9738CE5M" name="com.qa.tests.WomensPageTest" tests="4" failures="0" timestamp="31 Oct 2020 05:40:25 GMT" time="5.665" errors="0">
  <testcase name="Listdresses" time="0.464" classname="com.qa.tests.WomensPageTest"/>
  <testcase name="Numberdresses" time="5.009" classname="com.qa.tests.WomensPageTest"/>
  <testcase name="Discountdresses" time="0.192" classname="com.qa.tests.WomensPageTest"/>
  <testcase name="Pricedresses" classname="com.qa.tests.WomensPageTest">
    <skipped/>
  </testcase> <!-- Pricedresses -->
</testsuite> <!-- com.qa.tests.WomensPageTest -->
