<?xml version="1.0" encoding="UTF-8"?>
<!-- Generated by org.testng.reporters.JUnitReportReporter -->
<testsuite skipped="2" hostname="LAPTOP-9738CE5M" name="com.qa.tests.DressesPageTest" tests="4" failures="0" timestamp="03 Nov 2020 13:43:02 GMT" time="5.675" errors="0">
  <testcase name="numberDresses" time="5.318" classname="com.qa.tests.DressesPageTest"/>
  <testcase name="Pricedresses" time="0.357" classname="com.qa.tests.DressesPageTest"/>
  <testcase name="Discountdresses" classname="com.qa.tests.DressesPageTest">
    <skipped/>
  </testcase> <!-- Discountdresses -->
  <testcase name="Listdresses" classname="com.qa.tests.DressesPageTest">
    <skipped/>
  </testcase> <!-- Listdresses -->
</testsuite> <!-- com.qa.tests.DressesPageTest -->
