<?xml version="1.0" encoding="UTF-8"?>
<!-- Generated by org.testng.reporters.JUnitReportReporter -->
<testsuite skipped="0" hostname="LAPTOP-9738CE5M" name="com.qa.tests.TShirtsPageTest" tests="3" failures="0" timestamp="31 Oct 2020 05:40:25 GMT" time="4.474" errors="0">
  <testcase name="Listdresses" time="0.211" classname="com.qa.tests.TShirtsPageTest"/>
  <testcase name="Numberdresses" time="4.095" classname="com.qa.tests.TShirtsPageTest"/>
  <testcase name="Pricedresses" time="0.168" classname="com.qa.tests.TShirtsPageTest"/>
</testsuite> <!-- com.qa.tests.TShirtsPageTest -->
