<?xml version="1.0" encoding="UTF-8"?>
<!-- Generated by org.testng.reporters.JUnitReportReporter -->
<testsuite skipped="1" hostname="LAPTOP-9738CE5M" name="com.qa.tests.TShirtsPageTest" tests="3" failures="0" timestamp="03 Nov 2020 13:43:02 GMT" time="4.773" errors="0">
  <testcase name="Pricedresses" time="0.176" classname="com.qa.tests.TShirtsPageTest"/>
  <testcase name="Numberdresses" time="4.597" classname="com.qa.tests.TShirtsPageTest"/>
  <testcase name="Listdresses" classname="com.qa.tests.TShirtsPageTest">
    <skipped/>
  </testcase> <!-- Listdresses -->
</testsuite> <!-- com.qa.tests.TShirtsPageTest -->
