<?xml version="1.0" encoding="UTF-8"?>
<!-- Generated by org.testng.reporters.JUnitReportReporter -->
<testsuite skipped="0" hostname="LAPTOP-9738CE5M" name="com.qa.tests.WomensPageTest" tests="4" failures="0" timestamp="30 Sep 2020 09:31:22 GMT" time="4.062" errors="0">
  <testcase name="Discountdresses" time="0.087" classname="com.qa.tests.WomensPageTest"/>
  <testcase name="Numberdresses" time="3.322" classname="com.qa.tests.WomensPageTest"/>
  <testcase name="Listdresses" time="0.275" classname="com.qa.tests.WomensPageTest"/>
  <testcase name="Pricedresses" time="0.378" classname="com.qa.tests.WomensPageTest"/>
</testsuite> <!-- com.qa.tests.WomensPageTest -->
