<?xml version="1.0" encoding="UTF-8"?>
<!-- Generated by org.testng.reporters.JUnitReportReporter -->
<testsuite skipped="0" hostname="LAPTOP-9738CE5M" name="com.qa.tests.TShirtsPageTest" tests="3" failures="0" timestamp="01 Nov 2020 02:14:02 GMT" time="3.762" errors="0">
  <testcase name="Pricedresses" time="0.100" classname="com.qa.tests.TShirtsPageTest"/>
  <testcase name="Numberdresses" time="3.564" classname="com.qa.tests.TShirtsPageTest"/>
  <testcase name="Listdresses" time="0.098" classname="com.qa.tests.TShirtsPageTest"/>
</testsuite> <!-- com.qa.tests.TShirtsPageTest -->
